INFO:server_support.hot_overview:hot_overview filters reloaded | file=F:\opinion-system\backend\server_support\hot_overview_filters.yaml mtime=1773218884.9517474 block=10 generic=10 nav_tokens=23 authority_overrides=0
INFO:__main__:Starting OpinionSystem backend on 0.0.0.0:8000 (set OPINION_BACKEND_PORT to override)
INFO:werkzeug:[31m[1mWARNING: This is a development server. Do not use it in a production deployment. Use a production WSGI server instead.[0m
 * Running on all addresses (0.0.0.0)
 * Running on http://127.0.0.1:8000
 * Running on http://10.0.0.147:8000
INFO:werkzeug:[33mPress CTRL+C to quit[0m
INFO:werkzeug:127.0.0.1 - - [14/Mar/2026 22:51:16] "GET /api/status HTTP/1.1" 200 -
[BERTopic主题分析: 20260304-091855-2025控烟舆情 2025-01-15~2025-12-31] 模块运行
INFO:topic_bertopic_2025-01-15_2025-12-31:[BERTopic主题分析: 20260304-091855-2025控烟舆情 2025-01-15~2025-12-31] 模块运行
[TopicBertopic]-success 已加载提示词配置: F:\opinion-system\backend\configs\prompt\topic_bertopic\20260304-091855-2025控烟舆情.yaml
INFO:success:已加载提示词配置: F:\opinion-system\backend\configs\prompt\topic_bertopic\20260304-091855-2025控烟舆情.yaml
[TopicBertopic]-success 加载词典: userdict.txt - 20个词
INFO:success:加载词典: userdict.txt - 20个词
[TopicBertopic]-success 加载词典: stopwords.txt - 1911个词
INFO:success:加载词典: stopwords.txt - 1911个词
[TopicBertopic]-success 读取总体数据: 386214条
INFO:success:读取总体数据: 386214条
[TopicBertopic]-success 总体数据 去重: 386214 -> 327571
INFO:success:总体数据 去重: 386214 -> 327571
[TopicBertopic]-success 加载文本数据: 327571条
INFO:success:加载文本数据: 327571条
[TopicBertopic]-success 已处理 1000/327571 条文本
INFO:success:已处理 1000/327571 条文本
[TopicBertopic]-success 已处理 2000/327571 条文本
INFO:success:已处理 2000/327571 条文本
[TopicBertopic]-success 已处理 3000/327571 条文本
INFO:success:已处理 3000/327571 条文本
[TopicBertopic]-success 已处理 4000/327571 条文本
INFO:success:已处理 4000/327571 条文本
[TopicBertopic]-success 已处理 5000/327571 条文本
INFO:success:已处理 5000/327571 条文本
[TopicBertopic]-success 已处理 6000/327571 条文本
INFO:success:已处理 6000/327571 条文本
[TopicBertopic]-success 已处理 7000/327571 条文本
INFO:success:已处理 7000/327571 条文本
[TopicBertopic]-success 已处理 8000/327571 条文本
INFO:success:已处理 8000/327571 条文本
[TopicBertopic]-success 已处理 9000/327571 条文本
INFO:success:已处理 9000/327571 条文本
[TopicBertopic]-success 已处理 10000/327571 条文本
INFO:success:已处理 10000/327571 条文本
[TopicBertopic]-success 已处理 11000/327571 条文本
INFO:success:已处理 11000/327571 条文本
[TopicBertopic]-success 已处理 12000/327571 条文本
INFO:success:已处理 12000/327571 条文本
[TopicBertopic]-success 已处理 13000/327571 条文本
INFO:success:已处理 13000/327571 条文本
[TopicBertopic]-success 已处理 14000/327571 条文本
INFO:success:已处理 14000/327571 条文本
[TopicBertopic]-success 已处理 15000/327571 条文本
INFO:success:已处理 15000/327571 条文本
[TopicBertopic]-success 已处理 16000/327571 条文本
INFO:success:已处理 16000/327571 条文本
[TopicBertopic]-success 已处理 17000/327571 条文本
INFO:success:已处理 17000/327571 条文本
[TopicBertopic]-success 已处理 18000/327571 条文本
INFO:success:已处理 18000/327571 条文本
[TopicBertopic]-success 已处理 19000/327571 条文本
INFO:success:已处理 19000/327571 条文本
[TopicBertopic]-success 已处理 20000/327571 条文本
INFO:success:已处理 20000/327571 条文本
[TopicBertopic]-success 已处理 21000/327571 条文本
INFO:success:已处理 21000/327571 条文本
[TopicBertopic]-success 已处理 22000/327571 条文本
INFO:success:已处理 22000/327571 条文本
[TopicBertopic]-success 已处理 23000/327571 条文本
INFO:success:已处理 23000/327571 条文本
[TopicBertopic]-success 已处理 24000/327571 条文本
INFO:success:已处理 24000/327571 条文本
[TopicBertopic]-success 已处理 25000/327571 条文本
INFO:success:已处理 25000/327571 条文本
[TopicBertopic]-success 已处理 26000/327571 条文本
INFO:success:已处理 26000/327571 条文本
[TopicBertopic]-success 已处理 27000/327571 条文本
INFO:success:已处理 27000/327571 条文本
[TopicBertopic]-success 已处理 28000/327571 条文本
INFO:success:已处理 28000/327571 条文本
[TopicBertopic]-success 已处理 29000/327571 条文本
INFO:success:已处理 29000/327571 条文本
[TopicBertopic]-success 已处理 30000/327571 条文本
INFO:success:已处理 30000/327571 条文本
[TopicBertopic]-success 已处理 31000/327571 条文本
INFO:success:已处理 31000/327571 条文本
[TopicBertopic]-success 已处理 32000/327571 条文本
INFO:success:已处理 32000/327571 条文本
[TopicBertopic]-success 已处理 33000/327571 条文本
INFO:success:已处理 33000/327571 条文本
[TopicBertopic]-success 已处理 34000/327571 条文本
INFO:success:已处理 34000/327571 条文本
[TopicBertopic]-success 已处理 35000/327571 条文本
INFO:success:已处理 35000/327571 条文本
[TopicBertopic]-success 已处理 36000/327571 条文本
INFO:success:已处理 36000/327571 条文本
[TopicBertopic]-success 已处理 37000/327571 条文本
INFO:success:已处理 37000/327571 条文本
[TopicBertopic]-success 已处理 38000/327571 条文本
INFO:success:已处理 38000/327571 条文本
[TopicBertopic]-success 已处理 39000/327571 条文本
INFO:success:已处理 39000/327571 条文本
[TopicBertopic]-success 已处理 40000/327571 条文本
INFO:success:已处理 40000/327571 条文本
[TopicBertopic]-success 已处理 41000/327571 条文本
INFO:success:已处理 41000/327571 条文本
[TopicBertopic]-success 已处理 42000/327571 条文本
INFO:success:已处理 42000/327571 条文本
[TopicBertopic]-success 已处理 43000/327571 条文本
INFO:success:已处理 43000/327571 条文本
[TopicBertopic]-success 已处理 44000/327571 条文本
INFO:success:已处理 44000/327571 条文本
[TopicBertopic]-success 已处理 45000/327571 条文本
INFO:success:已处理 45000/327571 条文本
[TopicBertopic]-success 已处理 46000/327571 条文本
INFO:success:已处理 46000/327571 条文本
[TopicBertopic]-success 已处理 47000/327571 条文本
INFO:success:已处理 47000/327571 条文本
[TopicBertopic]-success 已处理 48000/327571 条文本
INFO:success:已处理 48000/327571 条文本
[TopicBertopic]-success 已处理 49000/327571 条文本
INFO:success:已处理 49000/327571 条文本
[TopicBertopic]-success 已处理 50000/327571 条文本
INFO:success:已处理 50000/327571 条文本
[TopicBertopic]-success 已处理 51000/327571 条文本
INFO:success:已处理 51000/327571 条文本
[TopicBertopic]-success 已处理 52000/327571 条文本
INFO:success:已处理 52000/327571 条文本
[TopicBertopic]-success 已处理 53000/327571 条文本
INFO:success:已处理 53000/327571 条文本
[TopicBertopic]-success 已处理 54000/327571 条文本
INFO:success:已处理 54000/327571 条文本
[TopicBertopic]-success 已处理 55000/327571 条文本
INFO:success:已处理 55000/327571 条文本
[TopicBertopic]-success 已处理 56000/327571 条文本
INFO:success:已处理 56000/327571 条文本
[TopicBertopic]-success 已处理 57000/327571 条文本
INFO:success:已处理 57000/327571 条文本
[TopicBertopic]-success 已处理 58000/327571 条文本
INFO:success:已处理 58000/327571 条文本
[TopicBertopic]-success 已处理 59000/327571 条文本
INFO:success:已处理 59000/327571 条文本
[TopicBertopic]-success 已处理 60000/327571 条文本
INFO:success:已处理 60000/327571 条文本
[TopicBertopic]-success 已处理 61000/327571 条文本
INFO:success:已处理 61000/327571 条文本
[TopicBertopic]-success 已处理 62000/327571 条文本
INFO:success:已处理 62000/327571 条文本
[TopicBertopic]-success 已处理 63000/327571 条文本
INFO:success:已处理 63000/327571 条文本
[TopicBertopic]-success 已处理 64000/327571 条文本
INFO:success:已处理 64000/327571 条文本
[TopicBertopic]-success 已处理 65000/327571 条文本
INFO:success:已处理 65000/327571 条文本
[TopicBertopic]-success 已处理 66000/327571 条文本
INFO:success:已处理 66000/327571 条文本
[TopicBertopic]-success 已处理 67000/327571 条文本
INFO:success:已处理 67000/327571 条文本
[TopicBertopic]-success 已处理 68000/327571 条文本
INFO:success:已处理 68000/327571 条文本
[TopicBertopic]-success 已处理 69000/327571 条文本
INFO:success:已处理 69000/327571 条文本
[TopicBertopic]-success 已处理 70000/327571 条文本
INFO:success:已处理 70000/327571 条文本
[TopicBertopic]-success 已处理 71000/327571 条文本
INFO:success:已处理 71000/327571 条文本
[TopicBertopic]-success 已处理 72000/327571 条文本
INFO:success:已处理 72000/327571 条文本
[TopicBertopic]-success 已处理 73000/327571 条文本
INFO:success:已处理 73000/327571 条文本
[TopicBertopic]-success 已处理 74000/327571 条文本
INFO:success:已处理 74000/327571 条文本
[TopicBertopic]-success 已处理 75000/327571 条文本
INFO:success:已处理 75000/327571 条文本
[TopicBertopic]-success 已处理 76000/327571 条文本
INFO:success:已处理 76000/327571 条文本
[TopicBertopic]-success 已处理 77000/327571 条文本
INFO:success:已处理 77000/327571 条文本
[TopicBertopic]-success 已处理 78000/327571 条文本
INFO:success:已处理 78000/327571 条文本
[TopicBertopic]-success 已处理 79000/327571 条文本
INFO:success:已处理 79000/327571 条文本
[TopicBertopic]-success 已处理 80000/327571 条文本
INFO:success:已处理 80000/327571 条文本
[TopicBertopic]-success 已处理 81000/327571 条文本
INFO:success:已处理 81000/327571 条文本
[TopicBertopic]-success 已处理 82000/327571 条文本
INFO:success:已处理 82000/327571 条文本
[TopicBertopic]-success 已处理 83000/327571 条文本
INFO:success:已处理 83000/327571 条文本
[TopicBertopic]-success 已处理 84000/327571 条文本
INFO:success:已处理 84000/327571 条文本
[TopicBertopic]-success 已处理 85000/327571 条文本
INFO:success:已处理 85000/327571 条文本
[TopicBertopic]-success 已处理 86000/327571 条文本
INFO:success:已处理 86000/327571 条文本
[TopicBertopic]-success 已处理 87000/327571 条文本
INFO:success:已处理 87000/327571 条文本
[TopicBertopic]-success 已处理 88000/327571 条文本
INFO:success:已处理 88000/327571 条文本
[TopicBertopic]-success 已处理 89000/327571 条文本
INFO:success:已处理 89000/327571 条文本
[TopicBertopic]-success 已处理 90000/327571 条文本
INFO:success:已处理 90000/327571 条文本
INFO:werkzeug:127.0.0.1 - - [14/Mar/2026 23:04:48] "OPTIONS /api/home/today-hot-overview?mode=fast&limit=30 HTTP/1.1" 200 -
INFO:__main__:API /api/home/today-hot-overview called | limit=30 force_refresh=False mode=fast ip=127.0.0.1
INFO:server_support.hot_overview:hot_overview start | force_refresh=False limit=30 mode=fast today=2026-03-14 filters_changed=False
WARNING:server_support.hot_overview:Hot source fetch failed for toutiao: <urlopen error [WinError 10013] 以一种访问权限不允许的方式做了一个访问套接字的尝试。>
INFO:server_support.hot_overview:hot_overview source_fetched | source=toutiao count=0
WARNING:server_support.hot_overview:Hot source fetch failed for bilibili-hot-search: <urlopen error [WinError 10013] 以一种访问权限不允许的方式做了一个访问套接字的尝试。>
INFO:server_support.hot_overview:hot_overview source_fetched | source=bilibili-hot-search count=0
WARNING:server_support.hot_overview:Hot source fetch failed for cls-hot: <urlopen error [WinError 10013] 以一种访问权限不允许的方式做了一个访问套接字的尝试。>
INFO:server_support.hot_overview:hot_overview source_fetched | source=cls-hot count=0
[TopicBertopic]-success 已处理 91000/327571 条文本
INFO:success:已处理 91000/327571 条文本
WARNING:server_support.hot_overview:Hot source fetch failed for wallstreetcn-hot: <urlopen error [WinError 10013] 以一种访问权限不允许的方式做了一个访问套接字的尝试。>
INFO:server_support.hot_overview:hot_overview source_fetched | source=wallstreetcn-hot count=0
INFO:server_support.hot_overview:hot_overview built | snapshot_date=2026-03-14 total_items=0 selected=0 summary_source=fallback keywords=0 sections=0 mode=fast scout_titles=0 scout_candidates=0 scout_hits=0 sense_resolved=0 evidence_meta=0
INFO:__main__:API /api/home/today-hot-overview success | total_items=0 summary_source=fallback revision_id=20260314T150449570421Z
INFO:werkzeug:127.0.0.1 - - [14/Mar/2026 23:04:49] "GET /api/home/today-hot-overview?mode=fast&limit=30 HTTP/1.1" 200 -
[TopicBertopic]-success 已处理 92000/327571 条文本
INFO:success:已处理 92000/327571 条文本
[TopicBertopic]-success 已处理 93000/327571 条文本
INFO:success:已处理 93000/327571 条文本
[TopicBertopic]-success 已处理 94000/327571 条文本
INFO:success:已处理 94000/327571 条文本
[TopicBertopic]-success 已处理 95000/327571 条文本
INFO:success:已处理 95000/327571 条文本
[TopicBertopic]-success 已处理 96000/327571 条文本
INFO:success:已处理 96000/327571 条文本
[TopicBertopic]-success 已处理 97000/327571 条文本
INFO:success:已处理 97000/327571 条文本
[TopicBertopic]-success 已处理 98000/327571 条文本
INFO:success:已处理 98000/327571 条文本
[TopicBertopic]-success 已处理 99000/327571 条文本
INFO:success:已处理 99000/327571 条文本
[TopicBertopic]-success 已处理 100000/327571 条文本
INFO:success:已处理 100000/327571 条文本
[TopicBertopic]-success 已处理 101000/327571 条文本
INFO:success:已处理 101000/327571 条文本
[TopicBertopic]-success 已处理 102000/327571 条文本
INFO:success:已处理 102000/327571 条文本
[TopicBertopic]-success 已处理 103000/327571 条文本
INFO:success:已处理 103000/327571 条文本
[TopicBertopic]-success 已处理 104000/327571 条文本
INFO:success:已处理 104000/327571 条文本
[TopicBertopic]-success 已处理 105000/327571 条文本
INFO:success:已处理 105000/327571 条文本
[TopicBertopic]-success 已处理 106000/327571 条文本
INFO:success:已处理 106000/327571 条文本
[TopicBertopic]-success 已处理 107000/327571 条文本
INFO:success:已处理 107000/327571 条文本
[TopicBertopic]-success 已处理 108000/327571 条文本
INFO:success:已处理 108000/327571 条文本
[TopicBertopic]-success 已处理 109000/327571 条文本
INFO:success:已处理 109000/327571 条文本
[TopicBertopic]-success 已处理 110000/327571 条文本
INFO:success:已处理 110000/327571 条文本
[TopicBertopic]-success 已处理 111000/327571 条文本
INFO:success:已处理 111000/327571 条文本
[TopicBertopic]-success 已处理 112000/327571 条文本
INFO:success:已处理 112000/327571 条文本
[TopicBertopic]-success 已处理 113000/327571 条文本
INFO:success:已处理 113000/327571 条文本
INFO:werkzeug:127.0.0.1 - - [14/Mar/2026 23:07:46] "OPTIONS /api/home/today-hot-overview?mode=fast&limit=30&refresh=1 HTTP/1.1" 200 -
INFO:__main__:API /api/home/today-hot-overview called | limit=30 force_refresh=True mode=fast ip=127.0.0.1
INFO:server_support.hot_overview:hot_overview start | force_refresh=True limit=30 mode=fast today=2026-03-14 filters_changed=False
[TopicBertopic]-success 已处理 114000/327571 条文本
INFO:success:已处理 114000/327571 条文本
WARNING:server_support.hot_overview:Hot source fetch failed for toutiao: <urlopen error [WinError 10013] 以一种访问权限不允许的方式做了一个访问套接字的尝试。>
INFO:server_support.hot_overview:hot_overview source_fetched | source=toutiao count=0
WARNING:server_support.hot_overview:Hot source fetch failed for bilibili-hot-search: <urlopen error [WinError 10013] 以一种访问权限不允许的方式做了一个访问套接字的尝试。>
INFO:server_support.hot_overview:hot_overview source_fetched | source=bilibili-hot-search count=0
WARNING:server_support.hot_overview:Hot source fetch failed for cls-hot: <urlopen error [WinError 10013] 以一种访问权限不允许的方式做了一个访问套接字的尝试。>
INFO:server_support.hot_overview:hot_overview source_fetched | source=cls-hot count=0
WARNING:server_support.hot_overview:Hot source fetch failed for wallstreetcn-hot: <urlopen error [WinError 10013] 以一种访问权限不允许的方式做了一个访问套接字的尝试。>
INFO:server_support.hot_overview:hot_overview source_fetched | source=wallstreetcn-hot count=0
INFO:server_support.hot_overview:hot_overview built | snapshot_date=2026-03-14 total_items=0 selected=0 summary_source=fallback keywords=0 sections=0 mode=fast scout_titles=0 scout_candidates=0 scout_hits=0 sense_resolved=0 evidence_meta=0
INFO:__main__:API /api/home/today-hot-overview success | total_items=0 summary_source=fallback revision_id=20260314T150748039142Z
INFO:werkzeug:127.0.0.1 - - [14/Mar/2026 23:07:48] "GET /api/home/today-hot-overview?mode=fast&limit=30&refresh=1 HTTP/1.1" 200 -
[TopicBertopic]-success 已处理 115000/327571 条文本
INFO:success:已处理 115000/327571 条文本
[TopicBertopic]-success 已处理 116000/327571 条文本
INFO:success:已处理 116000/327571 条文本
[TopicBertopic]-success 已处理 117000/327571 条文本
INFO:success:已处理 117000/327571 条文本
[TopicBertopic]-success 已处理 118000/327571 条文本
INFO:success:已处理 118000/327571 条文本
[TopicBertopic]-success 已处理 119000/327571 条文本
INFO:success:已处理 119000/327571 条文本
[TopicBertopic]-success 已处理 120000/327571 条文本
INFO:success:已处理 120000/327571 条文本
[TopicBertopic]-success 已处理 121000/327571 条文本
INFO:success:已处理 121000/327571 条文本
[TopicBertopic]-success 已处理 122000/327571 条文本
INFO:success:已处理 122000/327571 条文本
forrtl: error (200): program aborting due to window-CLOSE event
Image              PC                Routine            Line        Source             
KERNELBASE.dll     00007FFD89CC5CCE  Unknown               Unknown  Unknown
KERNEL32.DLL       00007FFD8B605AB7  Unknown               Unknown  Unknown
ntdll.dll          00007FFD8D4A5B00  Unknown               Unknown  Unknown
